<?xml version="1.0" encoding="UTF-8"?>
<testsuite name="org.example.PasswordValidatorTest" tests="1" skipped="0" failures="0" errors="0" timestamp="2023-01-03T13:18:02" hostname="Yebinui-MacBookPro.local" time="0.03">
  <properties/>
  <testcase name="비밀번호가 최소 8자 이상, 12자 이하면 예외가 발생하지 않는다." classname="org.example.PasswordValidatorTest" time="0.03"/>
  <system-out><![CDATA[]]></system-out>
  <system-err><![CDATA[]]></system-err>
</testsuite>
